e:\c++workspace\label3d\label3d\x64\release\label3d.pch
e:\c++workspace\label3d\label3d\x64\release\vc140.pdb
e:\c++workspace\label3d\label3d\x64\release\stdafx.obj
e:\c++workspace\label3d\label3d\x64\release\selcategorydlg.obj
e:\c++workspace\label3d\label3d\x64\release\mainfrm.obj
e:\c++workspace\label3d\label3d\x64\release\label3dview.obj
e:\c++workspace\label3d\label3d\x64\release\label3ddoc.obj
e:\c++workspace\label3d\label3d\x64\release\label3d.obj
e:\c++workspace\label3d\label3d\x64\release\inputnumdlg.obj
e:\c++workspace\label3d\label3d\x64\release\controlview.obj
e:\c++workspace\label3d\label3d\x64\release\modeleditor.obj
e:\c++workspace\label3d\label3d\x64\release\model.obj
e:\c++workspace\label3d\label3d\x64\release\maxflow.obj
e:\c++workspace\label3d\label3d\x64\release\graphcut.obj
e:\c++workspace\label3d\label3d\x64\release\graph.obj
e:\c++workspace\label3d\label3d\x64\release\evaluate.obj
e:\c++workspace\label3d\label3d\x64\release\tinyxmlparser.obj
e:\c++workspace\label3d\label3d\x64\release\tinyxmlerror.obj
e:\c++workspace\label3d\label3d\x64\release\tinyxml.obj
e:\c++workspace\label3d\label3d\x64\release\tinystr.obj
e:\c++workspace\label3d\label3d\x64\release\projectiontool.obj
e:\c++workspace\label3d\label3d\x64\release\polygontool.obj
e:\c++workspace\label3d\label3d\x64\release\phototool.obj
e:\c++workspace\label3d\label3d\x64\release\panoptic.obj
e:\c++workspace\label3d\label3d\x64\release\modeltool.obj
e:\c++workspace\label3d\label3d\x64\release\masktool.obj
e:\c++workspace\label3d\label3d\x64\release\jsontool.obj
e:\c++workspace\label3d\label3d\x64\release\gmltool.obj
e:\c++workspace\label3d\label3d\x64\release\filetool.obj
e:\c++workspace\label3d\label3d\x64\release\annotation.obj
e:\c++workspace\label3d\label3d\x64\release\test.obj
e:\c++workspace\label3d\label3d\x64\release\publicstruct.obj
e:\c++workspace\label3d\label3d\x64\release\myopengltool.obj
e:\c++workspace\label3d\label3d\x64\release\glsl.obj
e:\c++workspace\label3d\label3d\x64\release\glcamera.obj
e:\c++workspace\label3d\label3d\x64\release\facepicker.obj
e:\c++workspace\label3d\label3d\x64\release\glm_util.obj
e:\c++workspace\label3d\label3d\x64\release\glmimg_sim.obj
e:\c++workspace\label3d\label3d\x64\release\glmimg_sdl.obj
e:\c++workspace\label3d\label3d\x64\release\glmimg_png.obj
e:\c++workspace\label3d\label3d\x64\release\glmimg_jpg.obj
e:\c++workspace\label3d\label3d\x64\release\glmimg_devil.obj
e:\c++workspace\label3d\label3d\x64\release\glmimg.obj
e:\c++workspace\label3d\label3d\x64\release\glm.obj
e:\c++workspace\label3d\x64\release\label3d.exe
e:\c++workspace\label3d\x64\release\label3d.ipdb
e:\c++workspace\label3d\x64\release\label3d.iobj
e:\c++workspace\label3d\x64\release\label3d.pdb
e:\c++workspace\label3d\label3d\x64\release\label3d.res
e:\c++workspace\label3d\label3d\x64\release\label3d.tlog\cl.command.1.tlog
e:\c++workspace\label3d\label3d\x64\release\label3d.tlog\cl.read.1.tlog
e:\c++workspace\label3d\label3d\x64\release\label3d.tlog\cl.write.1.tlog
e:\c++workspace\label3d\label3d\x64\release\label3d.tlog\link.command.1.tlog
e:\c++workspace\label3d\label3d\x64\release\label3d.tlog\link.read.1.tlog
e:\c++workspace\label3d\label3d\x64\release\label3d.tlog\link.write.1.tlog
e:\c++workspace\label3d\label3d\x64\release\label3d.tlog\rc.command.1.tlog
e:\c++workspace\label3d\label3d\x64\release\label3d.tlog\rc.read.1.tlog
e:\c++workspace\label3d\label3d\x64\release\label3d.tlog\rc.write.1.tlog
