e:\c++workspace\label3d\label3d\x64\debug\label3d.pch
e:\c++workspace\label3d\label3d\x64\debug\vc140.pdb
e:\c++workspace\label3d\label3d\x64\debug\vc140.idb
e:\c++workspace\label3d\label3d\x64\debug\stdafx.obj
e:\c++workspace\label3d\label3d\x64\debug\controlview.obj
e:\c++workspace\label3d\label3d\x64\debug\inputnumdlg.obj
e:\c++workspace\label3d\label3d\x64\debug\label3d.obj
e:\c++workspace\label3d\label3d\x64\debug\label3ddoc.obj
e:\c++workspace\label3d\label3d\x64\debug\label3dview.obj
e:\c++workspace\label3d\label3d\x64\debug\mainfrm.obj
e:\c++workspace\label3d\label3d\x64\debug\selcategorydlg.obj
e:\c++workspace\label3d\label3d\x64\debug\panoptic.obj
e:\c++workspace\label3d\label3d\x64\debug\phototool.obj
e:\c++workspace\label3d\label3d\x64\debug\polygontool.obj
e:\c++workspace\label3d\label3d\x64\debug\projectiontool.obj
e:\c++workspace\label3d\label3d\x64\debug\tinystr.obj
e:\c++workspace\label3d\label3d\x64\debug\tinyxml.obj
e:\c++workspace\label3d\label3d\x64\debug\tinyxmlerror.obj
e:\c++workspace\label3d\label3d\x64\debug\tinyxmlparser.obj
e:\c++workspace\label3d\label3d\x64\debug\evaluate.obj
e:\c++workspace\label3d\label3d\x64\debug\graph.obj
e:\c++workspace\label3d\label3d\x64\debug\graphcut.obj
e:\c++workspace\label3d\label3d\x64\debug\maxflow.obj
e:\c++workspace\label3d\label3d\x64\debug\model.obj
e:\c++workspace\label3d\label3d\x64\debug\modeleditor.obj
e:\c++workspace\label3d\label3d\x64\debug\facepicker.obj
e:\c++workspace\label3d\label3d\x64\debug\glcamera.obj
e:\c++workspace\label3d\label3d\x64\debug\glsl.obj
e:\c++workspace\label3d\label3d\x64\debug\myopengltool.obj
e:\c++workspace\label3d\label3d\x64\debug\publicstruct.obj
e:\c++workspace\label3d\label3d\x64\debug\test.obj
e:\c++workspace\label3d\label3d\x64\debug\annotation.obj
e:\c++workspace\label3d\label3d\x64\debug\filetool.obj
e:\c++workspace\label3d\label3d\x64\debug\gmltool.obj
e:\c++workspace\label3d\label3d\x64\debug\jsontool.obj
e:\c++workspace\label3d\label3d\x64\debug\masktool.obj
e:\c++workspace\label3d\label3d\x64\debug\modeltool.obj
e:\c++workspace\label3d\label3d\x64\debug\glm.obj
e:\c++workspace\label3d\label3d\x64\debug\glmimg.obj
e:\c++workspace\label3d\label3d\x64\debug\glmimg_devil.obj
e:\c++workspace\label3d\label3d\x64\debug\glmimg_jpg.obj
e:\c++workspace\label3d\label3d\x64\debug\glmimg_png.obj
e:\c++workspace\label3d\label3d\x64\debug\glmimg_sdl.obj
e:\c++workspace\label3d\label3d\x64\debug\glmimg_sim.obj
e:\c++workspace\label3d\label3d\x64\debug\glm_util.obj
e:\c++workspace\label3d\label3d\x64\debug\label3d.res
e:\c++workspace\label3d\label3d\x64\debug\label3d.tlog\cl.command.1.tlog
e:\c++workspace\label3d\label3d\x64\debug\label3d.tlog\cl.read.1.tlog
e:\c++workspace\label3d\label3d\x64\debug\label3d.tlog\cl.write.1.tlog
e:\c++workspace\label3d\label3d\x64\debug\label3d.tlog\link.command.1.tlog
e:\c++workspace\label3d\label3d\x64\debug\label3d.tlog\link.read.1.tlog
e:\c++workspace\label3d\label3d\x64\debug\label3d.tlog\link.write.1.tlog
e:\c++workspace\label3d\label3d\x64\debug\label3d.tlog\rc.command.1.tlog
e:\c++workspace\label3d\label3d\x64\debug\label3d.tlog\rc.read.1.tlog
e:\c++workspace\label3d\label3d\x64\debug\label3d.tlog\rc.write.1.tlog
